<?xml version="1.0" encoding="UTF-8"?>
<!-- Generated by org.testng.reporters.JUnitReportReporter -->
<testsuite hostname="CFS-LP-0169" failures="0" tests="5" name="tests.LoginTest" time="22.797" errors="0" timestamp="2024-02-05T22:54:06 IST" skipped="0">
  <testcase classname="tests.LoginTest" name="invalidIdValidPassword2" time="4.261"/>
  <testcase classname="tests.LoginTest" name="invalidIdValidPassword3" time="4.830"/>
  <testcase classname="tests.LoginTest" name="validIdInvalidPassword" time="4.271"/>
  <testcase classname="tests.LoginTest" name="validIdValidPassword" time="4.688"/>
  <testcase classname="tests.LoginTest" name="invalidIdValidPassword" time="4.747"/>
</testsuite> <!-- tests.LoginTest -->
