<?xml version="1.0" encoding="UTF-8"?>
<!-- Generated by org.testng.reporters.JUnitReportReporter -->
<testsuite hostname="CFS-LP-0169" failures="0" tests="6" name="tests.LoginTest3" time="32.374" errors="0" timestamp="2024-02-05T14:13:43 IST" skipped="0">
  <testcase classname="tests.LoginTest3" name="test04" time="5.058"/>
  <testcase classname="tests.LoginTest3" name="test01" time="5.540"/>
  <testcase classname="tests.LoginTest3" name="test03" time="5.784"/>
  <testcase classname="tests.LoginTest3" name="test05" time="4.679"/>
  <testcase classname="tests.LoginTest3" name="test06" time="5.642"/>
  <testcase classname="tests.LoginTest3" name="test02" time="5.671"/>
</testsuite> <!-- tests.LoginTest3 -->
