<?xml version="1.0" encoding="UTF-8"?>
<!-- Generated by org.testng.reporters.JUnitReportReporter -->
<testsuite hostname="CFS-LP-0169" failures="0" tests="3" name="tests.LoginTest" time="17.097" errors="0" timestamp="2024-03-08T16:02:45 IST" skipped="0">
  <testcase classname="tests.LoginTest" name="validIdValidPassword" time="6.279"/>
  <testcase classname="tests.LoginTest" name="invalidIdValidPassword" time="5.458"/>
  <testcase classname="tests.LoginTest" name="validIdInvalidPassword" time="5.360"/>
</testsuite> <!-- tests.LoginTest -->
