<?xml version="1.0" encoding="UTF-8"?>
<!-- Generated by org.testng.reporters.JUnitReportReporter -->
<testsuite hostname="CFS-LP-0169" failures="0" tests="3" name="tests.LoginTest" time="82.717" errors="0" timestamp="2024-06-01T00:39:39 IST" skipped="0">
  <testcase classname="tests.LoginTest" name="validIdValidPassword" time="7.265"/>
  <testcase classname="tests.LoginTest" name="validIdInvalidPassword" time="37.673"/>
  <testcase classname="tests.LoginTest" name="invalidIdValidPassword" time="37.779"/>
</testsuite> <!-- tests.LoginTest -->
