<?xml version="1.0" encoding="UTF-8"?>
<!-- Generated by org.testng.reporters.JUnitReportReporter -->
<testsuite hostname="CFS-LP-0169" failures="0" tests="2" name="dataextracter.ExcelDataExtractor" time="0.010" errors="0" timestamp="2024-05-26T20:03:38 IST" skipped="0">
  <testcase classname="dataextracter.ExcelDataExtractor" name="test" time="0.008"/>
  <testcase classname="dataextracter.ExcelDataExtractor" name="test" time="0.002"/>
</testsuite> <!-- dataextracter.ExcelDataExtractor -->
