<?xml version="1.0" encoding="UTF-8"?>
<!-- Generated by org.testng.reporters.JUnitReportReporter -->
<testsuite hostname="CFS-LP-0169" failures="0" tests="3" name="tests.LoginTest" time="89.220" errors="0" timestamp="2024-05-26T20:26:51 IST" skipped="0">
  <testcase classname="tests.LoginTest" name="invalidIdValidPassword" time="7.067"/>
  <testcase classname="tests.LoginTest" name="validIdValidPassword" time="46.899"/>
  <testcase classname="tests.LoginTest" name="validIdInvalidPassword" time="35.254"/>
</testsuite> <!-- tests.LoginTest -->
