<?xml version="1.0" encoding="UTF-8"?>
<!-- Generated by org.testng.reporters.JUnitReportReporter -->
<testsuite hostname="CFS-LP-0169" failures="0" tests="9" name="tests.LoginTest" time="57.534" errors="0" timestamp="2024-06-06T20:37:43 IST" skipped="0">
  <testcase classname="tests.LoginTest" name="validIdInvalidPassword" time="4.859"/>
  <testcase classname="tests.LoginTest" name="invalidIdValidPassword" time="5.095"/>
  <testcase classname="tests.LoginTest" name="validIdValidPassword" time="4.615"/>
  <testcase classname="tests.LoginTest" name="validIdInvalidPassword" time="8.684"/>
  <testcase classname="tests.LoginTest" name="invalidIdValidPassword" time="6.095"/>
  <testcase classname="tests.LoginTest" name="validIdInvalidPassword" time="6.867"/>
  <testcase classname="tests.LoginTest" name="validIdValidPassword" time="7.355"/>
  <testcase classname="tests.LoginTest" name="invalidIdValidPassword" time="5.708"/>
  <testcase classname="tests.LoginTest" name="validIdValidPassword" time="8.256"/>
</testsuite> <!-- tests.LoginTest -->
