<?xml version="1.0" encoding="UTF-8"?>
<!-- Generated by org.testng.reporters.JUnitReportReporter -->
<testsuite hostname="CFS-LP-0169" failures="0" tests="1" name="samplepackage.TestClass" time="0.037" errors="0" timestamp="2024-01-16T17:05:22 IST" skipped="0">
  <testcase classname="samplepackage.TestClass" name="test89" time="0.037"/>
</testsuite> <!-- samplepackage.TestClass -->
