<?xml version="1.0" encoding="UTF-8"?>
<!-- Generated by org.testng.reporters.JUnitReportReporter -->
<testsuite hostname="CFS-LP-0169" failures="0" tests="1" name="tests.RegisterTest" time="7.320" errors="0" timestamp="2024-05-26T20:26:51 IST" skipped="0">
  <testcase classname="tests.RegisterTest" name="registerAccountTest" time="7.320"/>
</testsuite> <!-- tests.RegisterTest -->
