<?xml version="1.0" encoding="UTF-8"?>
<!-- Generated by org.testng.reporters.JUnitReportReporter -->
<testsuite hostname="CFS-LP-0169" failures="0" tests="6" name="tests.LoginTest2" time="42.968" errors="0" timestamp="2024-02-05T14:13:43 IST" skipped="0">
  <testcase classname="tests.LoginTest2" name="test06" time="6.491"/>
  <testcase classname="tests.LoginTest2" name="test02" time="7.660"/>
  <testcase classname="tests.LoginTest2" name="test04" time="6.745"/>
  <testcase classname="tests.LoginTest2" name="test05" time="6.812"/>
  <testcase classname="tests.LoginTest2" name="test03" time="7.565"/>
  <testcase classname="tests.LoginTest2" name="test01" time="7.695"/>
</testsuite> <!-- tests.LoginTest2 -->
