<?xml version="1.0" encoding="UTF-8"?>
<!-- Generated by org.testng.reporters.JUnitReportReporter -->
<testsuite hostname="CFS-LP-0169" failures="0" tests="3" name="tests.RegisterTest" time="20.658" errors="0" timestamp="2024-06-06T20:37:43 IST" skipped="0">
  <testcase classname="tests.RegisterTest" name="registerAccountTest" time="5.628"/>
  <testcase classname="tests.RegisterTest" name="registerAccountTest" time="7.611"/>
  <testcase classname="tests.RegisterTest" name="registerAccountTest" time="7.419"/>
</testsuite> <!-- tests.RegisterTest -->
