<?xml version="1.0" encoding="UTF-8"?>
<!-- Generated by org.testng.reporters.JUnitReportReporter -->
<testsuite hostname="CFS-LP-0169" failures="0" tests="3" name="tests.LoginTest" time="18.427" errors="0" timestamp="2024-05-22T14:21:56 IST" skipped="0">
  <testcase classname="tests.LoginTest" name="invalidIdValidPassword" time="6.519"/>
  <testcase classname="tests.LoginTest" name="validIdInvalidPassword" time="5.558"/>
  <testcase classname="tests.LoginTest" name="validIdValidPassword" time="6.350"/>
</testsuite> <!-- tests.LoginTest -->
