<?xml version="1.0" encoding="UTF-8"?>
<!-- Generated by org.testng.reporters.JUnitReportReporter -->
<testsuite hostname="CFS-LP-0169" failures="0" tests="1" name="tests.RegisterTest" time="4.913" errors="0" timestamp="2024-02-06T11:26:47 IST" skipped="0">
  <testcase classname="tests.RegisterTest" name="registerAccountTest" time="4.913"/>
</testsuite> <!-- tests.RegisterTest -->
