<?xml version="1.0" encoding="UTF-8"?>
<!-- Generated by org.testng.reporters.JUnitReportReporter -->
<testsuite hostname="CFS-LP-0169" failures="0" tests="2" name="dataextracter.ExcelDataExtractor" time="0.012" errors="0" timestamp="2024-06-01T00:41:46 IST" skipped="0">
  <testcase classname="dataextracter.ExcelDataExtractor" name="test" time="0.010"/>
  <testcase classname="dataextracter.ExcelDataExtractor" name="test" time="0.002"/>
</testsuite> <!-- dataextracter.ExcelDataExtractor -->
