<?xml version="1.0" encoding="UTF-8"?>
<!-- Generated by org.testng.reporters.JUnitReportReporter -->
<testsuite hostname="CFS-LP-0169" failures="0" tests="2" name="dataextracter.DataProviderExtracter" time="0.006" errors="0" timestamp="2024-05-22T14:43:03 IST" skipped="0">
  <testcase classname="dataextracter.DataProviderExtracter" name="getDataFromExcel" time="0.005"/>
  <testcase classname="dataextracter.DataProviderExtracter" name="getDataFromExcel" time="0.001"/>
</testsuite> <!-- dataextracter.DataProviderExtracter -->
