<?xml version="1.0" encoding="UTF-8"?>
<!-- Generated by org.testng.reporters.JUnitReportReporter -->
<testsuite hostname="CFS-LP-0169" failures="0" tests="3" name="tests.LoginTest" time="13.836" errors="0" timestamp="2024-02-06T11:26:47 IST" skipped="0">
  <testcase classname="tests.LoginTest" name="validIdValidPassword" time="4.848"/>
  <testcase classname="tests.LoginTest" name="validIdInvalidPassword" time="4.170"/>
  <testcase classname="tests.LoginTest" name="invalidIdValidPassword" time="4.818"/>
</testsuite> <!-- tests.LoginTest -->
