<?xml version="1.0" encoding="UTF-8"?>
<!-- Generated by org.testng.reporters.JUnitReportReporter -->
<testsuite hostname="CFS-LP-0169" failures="0" tests="1" name="tests.RegisterTest" time="7.647" errors="0" timestamp="2024-05-22T14:21:56 IST" skipped="0">
  <testcase classname="tests.RegisterTest" name="registerAccountTest" time="7.647"/>
</testsuite> <!-- tests.RegisterTest -->
